[2024-08-21T10:49:24.362] [ERROR] app - Failed to save the data
[2024-08-21T10:49:24.367] [FATAL] app - Server crashed
[2024-08-21T10:49:57.964] [ERROR] app - Failed to save the data
[2024-08-21T10:49:57.966] [FATAL] app - Server crashed
[2024-08-21T10:50:00.811] [ERROR] app - Failed to save the data
[2024-08-21T10:50:00.813] [FATAL] app - Server crashed
[2024-08-21T10:54:09.016] [ERROR] app - Failed to save the data
[2024-08-21T10:54:09.018] [FATAL] app - Server crashed
[2024-08-21T10:55:57.832] [ERROR] app - Failed to save the data
[2024-08-21T10:55:57.834] [FATAL] app - Server crashed
[2024-08-21T10:57:45.753] [ERROR] app - Failed to save the data
[2024-08-21T10:57:45.754] [FATAL] app - Server crashed
[2024-08-27T10:13:34.344] [ERROR] app - Failed to save the data
[2024-08-27T10:13:34.351] [FATAL] app - Server crashed
[2024-08-27T10:13:34.471] [ERROR] app - Failed to save the data
[2024-08-27T10:13:34.473] [FATAL] app - Server crashed
[2024-08-27T10:13:34.581] [ERROR] app - Failed to save the data
[2024-08-27T10:13:34.583] [FATAL] app - Server crashed
[2024-08-27T10:13:34.693] [ERROR] app - Failed to save the data
[2024-08-27T10:13:34.695] [FATAL] app - Server crashed
[2024-08-27T10:13:34.804] [ERROR] app - Failed to save the data
[2024-08-27T10:13:34.806] [FATAL] app - Server crashed
[2024-08-27T10:13:34.915] [ERROR] app - Failed to save the data
[2024-08-27T10:13:34.917] [FATAL] app - Server crashed
[2024-08-27T10:13:35.025] [ERROR] app - Failed to save the data
[2024-08-27T10:13:35.027] [FATAL] app - Server crashed
[2024-08-27T10:13:35.135] [ERROR] app - Failed to save the data
[2024-08-27T10:13:35.137] [FATAL] app - Server crashed
[2024-08-27T10:13:35.246] [ERROR] app - Failed to save the data
[2024-08-27T10:13:35.248] [FATAL] app - Server crashed
[2024-08-27T10:13:35.355] [ERROR] app - Failed to save the data
[2024-08-27T10:13:35.357] [FATAL] app - Server crashed
[2024-08-27T10:13:35.464] [ERROR] app - Failed to save the data
[2024-08-27T10:13:35.466] [FATAL] app - Server crashed
[2024-08-27T10:13:35.581] [ERROR] app - Failed to save the data
[2024-08-27T10:13:35.582] [FATAL] app - Server crashed
[2024-08-27T10:13:35.690] [ERROR] app - Failed to save the data
[2024-08-27T10:13:35.692] [FATAL] app - Server crashed
[2024-08-27T10:13:35.799] [ERROR] app - Failed to save the data
[2024-08-27T10:13:35.801] [FATAL] app - Server crashed
[2024-08-27T10:13:35.909] [ERROR] app - Failed to save the data
[2024-08-27T10:13:35.911] [FATAL] app - Server crashed
[2024-08-27T10:13:36.017] [ERROR] app - Failed to save the data
[2024-08-27T10:13:36.019] [FATAL] app - Server crashed
[2024-08-27T10:13:36.126] [ERROR] app - Failed to save the data
[2024-08-27T10:13:36.128] [FATAL] app - Server crashed
[2024-08-27T10:13:36.234] [ERROR] app - Failed to save the data
[2024-08-27T10:13:36.236] [FATAL] app - Server crashed
[2024-08-27T10:13:36.344] [ERROR] app - Failed to save the data
[2024-08-27T10:13:36.346] [FATAL] app - Server crashed
[2024-08-27T10:13:36.451] [ERROR] app - Failed to save the data
[2024-08-27T10:13:36.455] [FATAL] app - Server crashed
[2024-08-27T10:13:36.562] [ERROR] app - Failed to save the data
[2024-08-27T10:13:36.564] [FATAL] app - Server crashed
[2024-08-27T10:13:36.672] [ERROR] app - Failed to save the data
[2024-08-27T10:13:36.674] [FATAL] app - Server crashed
[2024-08-27T10:13:36.780] [ERROR] app - Failed to save the data
[2024-08-27T10:13:36.782] [FATAL] app - Server crashed
[2024-08-27T10:13:36.894] [ERROR] app - Failed to save the data
[2024-08-27T10:13:36.896] [FATAL] app - Server crashed
[2024-08-27T10:13:37.005] [ERROR] app - Failed to save the data
[2024-08-27T10:13:37.007] [FATAL] app - Server crashed
[2024-08-27T10:13:37.114] [ERROR] app - Failed to save the data
[2024-08-27T10:13:37.116] [FATAL] app - Server crashed
[2024-08-27T10:13:37.229] [ERROR] app - Failed to save the data
[2024-08-27T10:13:37.233] [FATAL] app - Server crashed
[2024-08-27T10:13:37.353] [ERROR] app - Failed to save the data
[2024-08-27T10:13:37.355] [FATAL] app - Server crashed
[2024-08-27T10:13:37.460] [ERROR] app - Failed to save the data
[2024-08-27T10:13:37.462] [FATAL] app - Server crashed
[2024-08-27T10:13:37.576] [ERROR] app - Failed to save the data
[2024-08-27T10:13:37.578] [FATAL] app - Server crashed
[2024-08-27T10:13:37.691] [ERROR] app - Failed to save the data
[2024-08-27T10:13:37.693] [FATAL] app - Server crashed
[2024-08-27T10:13:37.805] [ERROR] app - Failed to save the data
[2024-08-27T10:13:37.807] [FATAL] app - Server crashed
[2024-08-27T10:13:37.917] [ERROR] app - Failed to save the data
[2024-08-27T10:13:37.919] [FATAL] app - Server crashed
[2024-08-27T10:13:38.032] [ERROR] app - Failed to save the data
[2024-08-27T10:13:38.034] [FATAL] app - Server crashed
[2024-08-27T10:13:38.146] [ERROR] app - Failed to save the data
[2024-08-27T10:13:38.148] [FATAL] app - Server crashed
[2024-08-27T10:13:38.259] [ERROR] app - Failed to save the data
[2024-08-27T10:13:38.261] [FATAL] app - Server crashed
[2024-08-27T10:13:38.375] [ERROR] app - Failed to save the data
[2024-08-27T10:13:38.376] [FATAL] app - Server crashed
[2024-08-27T10:13:38.489] [ERROR] app - Failed to save the data
[2024-08-27T10:13:38.492] [FATAL] app - Server crashed
[2024-08-27T10:13:38.607] [ERROR] app - Failed to save the data
[2024-08-27T10:13:38.608] [FATAL] app - Server crashed
[2024-08-27T10:13:38.724] [ERROR] app - Failed to save the data
[2024-08-27T10:13:38.726] [FATAL] app - Server crashed
[2024-08-27T10:13:38.839] [ERROR] app - Failed to save the data
[2024-08-27T10:13:38.841] [FATAL] app - Server crashed
[2024-08-27T10:13:38.955] [ERROR] app - Failed to save the data
[2024-08-27T10:13:38.957] [FATAL] app - Server crashed
[2024-08-27T10:13:39.066] [ERROR] app - Failed to save the data
[2024-08-27T10:13:39.068] [FATAL] app - Server crashed
[2024-08-27T10:13:39.174] [ERROR] app - Failed to save the data
[2024-08-27T10:13:39.176] [FATAL] app - Server crashed
[2024-08-27T10:13:39.290] [ERROR] app - Failed to save the data
[2024-08-27T10:13:39.293] [FATAL] app - Server crashed
[2024-08-27T10:13:39.552] [ERROR] app - Failed to save the data
[2024-08-27T10:13:39.569] [FATAL] app - Server crashed
[2024-08-27T10:13:39.915] [ERROR] app - Failed to save the data
[2024-08-27T10:13:39.918] [FATAL] app - Server crashed
[2024-08-27T10:13:40.078] [ERROR] app - Failed to save the data
[2024-08-27T10:13:40.079] [FATAL] app - Server crashed
[2024-08-27T10:13:40.210] [ERROR] app - Failed to save the data
[2024-08-27T10:13:40.212] [FATAL] app - Server crashed
[2024-08-27T10:13:40.381] [ERROR] app - Failed to save the data
[2024-08-27T10:13:40.382] [FATAL] app - Server crashed
[2024-08-27T10:13:40.567] [ERROR] app - Failed to save the data
[2024-08-27T10:13:40.569] [FATAL] app - Server crashed
[2024-08-27T10:13:40.677] [ERROR] app - Failed to save the data
[2024-08-27T10:13:40.679] [FATAL] app - Server crashed
[2024-08-27T10:13:40.795] [ERROR] app - Failed to save the data
[2024-08-27T10:13:40.796] [FATAL] app - Server crashed
[2024-08-27T10:13:40.908] [ERROR] app - Failed to save the data
[2024-08-27T10:13:40.910] [FATAL] app - Server crashed
[2024-08-27T10:13:41.026] [ERROR] app - Failed to save the data
[2024-08-27T10:13:41.028] [FATAL] app - Server crashed
[2024-08-27T10:13:41.137] [ERROR] app - Failed to save the data
[2024-08-27T10:13:41.139] [FATAL] app - Server crashed
[2024-08-27T10:13:41.247] [ERROR] app - Failed to save the data
[2024-08-27T10:13:41.249] [FATAL] app - Server crashed
[2024-08-27T10:13:41.377] [ERROR] app - Failed to save the data
[2024-08-27T10:13:41.379] [FATAL] app - Server crashed
[2024-08-27T10:13:41.495] [ERROR] app - Failed to save the data
[2024-08-27T10:13:41.497] [FATAL] app - Server crashed
[2024-08-27T10:13:41.772] [ERROR] app - Failed to save the data
[2024-08-27T10:13:41.774] [FATAL] app - Server crashed
[2024-08-27T10:13:41.893] [ERROR] app - Failed to save the data
[2024-08-27T10:13:41.895] [FATAL] app - Server crashed
[2024-08-27T10:13:42.011] [ERROR] app - Failed to save the data
[2024-08-27T10:13:42.013] [FATAL] app - Server crashed
[2024-08-27T10:13:42.130] [ERROR] app - Failed to save the data
[2024-08-27T10:13:42.132] [FATAL] app - Server crashed
[2024-08-27T10:13:42.245] [ERROR] app - Failed to save the data
[2024-08-27T10:13:42.247] [FATAL] app - Server crashed
[2024-08-27T10:13:42.377] [ERROR] app - Failed to save the data
[2024-08-27T10:13:42.379] [FATAL] app - Server crashed
[2024-08-27T10:13:42.495] [ERROR] app - Failed to save the data
[2024-08-27T10:13:42.496] [FATAL] app - Server crashed
[2024-08-27T10:13:42.610] [ERROR] app - Failed to save the data
[2024-08-27T10:13:42.612] [FATAL] app - Server crashed
[2024-08-27T10:13:42.723] [ERROR] app - Failed to save the data
[2024-08-27T10:13:42.724] [FATAL] app - Server crashed
[2024-08-27T10:13:42.848] [ERROR] app - Failed to save the data
[2024-08-27T10:13:42.850] [FATAL] app - Server crashed
[2024-08-27T10:13:42.974] [ERROR] app - Failed to save the data
[2024-08-27T10:13:42.976] [FATAL] app - Server crashed
[2024-08-27T10:13:43.099] [ERROR] app - Failed to save the data
[2024-08-27T10:13:43.102] [FATAL] app - Server crashed
[2024-08-27T10:13:43.389] [ERROR] app - Failed to save the data
[2024-08-27T10:13:43.391] [FATAL] app - Server crashed
[2024-08-27T10:13:43.546] [ERROR] app - Failed to save the data
[2024-08-27T10:13:43.548] [FATAL] app - Server crashed
[2024-08-27T10:13:43.666] [ERROR] app - Failed to save the data
[2024-08-27T10:13:43.667] [FATAL] app - Server crashed
[2024-08-27T10:13:43.787] [ERROR] app - Failed to save the data
[2024-08-27T10:13:43.790] [FATAL] app - Server crashed
[2024-08-27T10:13:43.900] [ERROR] app - Failed to save the data
[2024-08-27T10:13:43.902] [FATAL] app - Server crashed
[2024-08-27T10:13:44.012] [ERROR] app - Failed to save the data
[2024-08-27T10:13:44.014] [FATAL] app - Server crashed
[2024-08-27T10:13:44.131] [ERROR] app - Failed to save the data
[2024-08-27T10:13:44.133] [FATAL] app - Server crashed
[2024-08-27T10:13:44.257] [ERROR] app - Failed to save the data
[2024-08-27T10:13:44.259] [FATAL] app - Server crashed
[2024-08-27T10:13:44.387] [ERROR] app - Failed to save the data
[2024-08-27T10:13:44.390] [FATAL] app - Server crashed
[2024-08-27T10:13:44.501] [ERROR] app - Failed to save the data
[2024-08-27T10:13:44.503] [FATAL] app - Server crashed
[2024-08-27T10:13:44.622] [ERROR] app - Failed to save the data
[2024-08-27T10:13:44.624] [FATAL] app - Server crashed
[2024-08-27T10:13:44.739] [ERROR] app - Failed to save the data
[2024-08-27T10:13:44.741] [FATAL] app - Server crashed
[2024-08-27T10:13:44.851] [ERROR] app - Failed to save the data
[2024-08-27T10:13:44.853] [FATAL] app - Server crashed
[2024-08-27T10:13:44.958] [ERROR] app - Failed to save the data
[2024-08-27T10:13:44.960] [FATAL] app - Server crashed
[2024-08-27T10:13:45.068] [ERROR] app - Failed to save the data
[2024-08-27T10:13:45.069] [FATAL] app - Server crashed
[2024-08-27T10:13:45.181] [ERROR] app - Failed to save the data
[2024-08-27T10:13:45.182] [FATAL] app - Server crashed
[2024-08-27T10:13:45.288] [ERROR] app - Failed to save the data
[2024-08-27T10:13:45.290] [FATAL] app - Server crashed
[2024-08-27T10:13:45.397] [ERROR] app - Failed to save the data
[2024-08-27T10:13:45.399] [FATAL] app - Server crashed
[2024-08-27T10:13:45.506] [ERROR] app - Failed to save the data
[2024-08-27T10:13:45.508] [FATAL] app - Server crashed
[2024-08-27T10:13:45.615] [ERROR] app - Failed to save the data
[2024-08-27T10:13:45.617] [FATAL] app - Server crashed
[2024-08-27T10:13:45.723] [ERROR] app - Failed to save the data
[2024-08-27T10:13:45.725] [FATAL] app - Server crashed
[2024-08-27T10:13:45.829] [ERROR] app - Failed to save the data
[2024-08-27T10:13:45.831] [FATAL] app - Server crashed
[2024-08-27T10:13:45.946] [ERROR] app - Failed to save the data
[2024-08-27T10:13:45.948] [FATAL] app - Server crashed
[2024-08-27T10:13:46.064] [ERROR] app - Failed to save the data
[2024-08-27T10:13:46.066] [FATAL] app - Server crashed
[2024-08-27T10:13:46.188] [ERROR] app - Failed to save the data
[2024-08-27T10:13:46.190] [FATAL] app - Server crashed
[2024-08-27T10:13:46.297] [ERROR] app - Failed to save the data
[2024-08-27T10:13:46.299] [FATAL] app - Server crashed
[2024-08-27T10:13:46.407] [ERROR] app - Failed to save the data
[2024-08-27T10:13:46.409] [FATAL] app - Server crashed
[2024-08-27T10:13:46.558] [ERROR] app - Failed to save the data
[2024-08-27T10:13:46.560] [FATAL] app - Server crashed
[2024-08-27T10:13:46.666] [ERROR] app - Failed to save the data
[2024-08-27T10:13:46.667] [FATAL] app - Server crashed
[2024-08-27T10:13:46.773] [ERROR] app - Failed to save the data
[2024-08-27T10:13:46.775] [FATAL] app - Server crashed
[2024-08-27T10:13:46.880] [ERROR] app - Failed to save the data
[2024-08-27T10:13:46.882] [FATAL] app - Server crashed
[2024-08-27T10:13:46.987] [ERROR] app - Failed to save the data
[2024-08-27T10:13:46.989] [FATAL] app - Server crashed
[2024-08-27T10:13:47.094] [ERROR] app - Failed to save the data
[2024-08-27T10:13:47.096] [FATAL] app - Server crashed
[2024-08-27T10:13:47.203] [ERROR] app - Failed to save the data
[2024-08-27T10:13:47.205] [FATAL] app - Server crashed
[2024-08-27T10:13:47.313] [ERROR] app - Failed to save the data
[2024-08-27T10:13:47.315] [FATAL] app - Server crashed
[2024-08-27T10:13:47.421] [ERROR] app - Failed to save the data
[2024-08-27T10:13:47.423] [FATAL] app - Server crashed
[2024-08-27T10:13:47.529] [ERROR] app - Failed to save the data
[2024-08-27T10:13:47.531] [FATAL] app - Server crashed
[2024-08-27T10:13:47.636] [ERROR] app - Failed to save the data
[2024-08-27T10:13:47.638] [FATAL] app - Server crashed
[2024-08-27T10:13:47.742] [ERROR] app - Failed to save the data
[2024-08-27T10:13:47.744] [FATAL] app - Server crashed
[2024-08-27T10:13:47.849] [ERROR] app - Failed to save the data
[2024-08-27T10:13:47.850] [FATAL] app - Server crashed
[2024-08-27T10:13:47.956] [ERROR] app - Failed to save the data
[2024-08-27T10:13:47.958] [FATAL] app - Server crashed
[2024-08-27T10:13:48.062] [ERROR] app - Failed to save the data
[2024-08-27T10:13:48.064] [FATAL] app - Server crashed
[2024-08-27T10:13:48.171] [ERROR] app - Failed to save the data
[2024-08-27T10:13:48.174] [FATAL] app - Server crashed
[2024-08-27T10:13:48.281] [ERROR] app - Failed to save the data
[2024-08-27T10:13:48.282] [FATAL] app - Server crashed
[2024-08-27T10:13:48.388] [ERROR] app - Failed to save the data
[2024-08-27T10:13:48.390] [FATAL] app - Server crashed
[2024-08-27T10:13:48.495] [ERROR] app - Failed to save the data
[2024-08-27T10:13:48.497] [FATAL] app - Server crashed
[2024-08-27T10:13:48.601] [ERROR] app - Failed to save the data
[2024-08-27T10:13:48.603] [FATAL] app - Server crashed
[2024-08-27T10:13:48.709] [ERROR] app - Failed to save the data
[2024-08-27T10:13:48.710] [FATAL] app - Server crashed
[2024-08-27T10:13:48.817] [ERROR] app - Failed to save the data
[2024-08-27T10:13:48.819] [FATAL] app - Server crashed
[2024-08-27T10:13:48.925] [ERROR] app - Failed to save the data
[2024-08-27T10:13:48.926] [FATAL] app - Server crashed
[2024-08-27T10:13:49.031] [ERROR] app - Failed to save the data
[2024-08-27T10:13:49.033] [FATAL] app - Server crashed
[2024-08-27T10:13:49.146] [ERROR] app - Failed to save the data
[2024-08-27T10:13:49.148] [FATAL] app - Server crashed
[2024-08-27T10:13:49.255] [ERROR] app - Failed to save the data
[2024-08-27T10:13:49.257] [FATAL] app - Server crashed
[2024-08-27T10:13:49.363] [ERROR] app - Failed to save the data
[2024-08-27T10:13:49.365] [FATAL] app - Server crashed
[2024-08-27T10:13:49.471] [ERROR] app - Failed to save the data
[2024-08-27T10:13:49.473] [FATAL] app - Server crashed
[2024-08-27T10:13:49.585] [ERROR] app - Failed to save the data
[2024-08-27T10:13:49.587] [FATAL] app - Server crashed
[2024-08-27T10:13:49.695] [ERROR] app - Failed to save the data
[2024-08-27T10:13:49.696] [FATAL] app - Server crashed
[2024-08-27T10:13:49.802] [ERROR] app - Failed to save the data
[2024-08-27T10:13:49.804] [FATAL] app - Server crashed
[2024-08-27T10:13:49.915] [ERROR] app - Failed to save the data
[2024-08-27T10:13:49.917] [FATAL] app - Server crashed
[2024-08-27T10:13:50.028] [ERROR] app - Failed to save the data
[2024-08-27T10:13:50.030] [FATAL] app - Server crashed
[2024-08-27T10:13:50.138] [ERROR] app - Failed to save the data
[2024-08-27T10:13:50.140] [FATAL] app - Server crashed
[2024-08-27T10:13:50.251] [ERROR] app - Failed to save the data
[2024-08-27T10:13:50.253] [FATAL] app - Server crashed
[2024-08-27T10:13:50.364] [ERROR] app - Failed to save the data
[2024-08-27T10:13:50.367] [FATAL] app - Server crashed
[2024-08-27T10:13:50.473] [ERROR] app - Failed to save the data
[2024-08-27T10:13:50.475] [FATAL] app - Server crashed
[2024-08-27T10:13:50.582] [ERROR] app - Failed to save the data
[2024-08-27T10:13:50.584] [FATAL] app - Server crashed
[2024-08-27T10:13:50.698] [ERROR] app - Failed to save the data
[2024-08-27T10:13:50.699] [FATAL] app - Server crashed
[2024-08-27T10:13:50.812] [ERROR] app - Failed to save the data
[2024-08-27T10:13:50.814] [FATAL] app - Server crashed
[2024-08-27T10:13:50.926] [ERROR] app - Failed to save the data
[2024-08-27T10:13:50.927] [FATAL] app - Server crashed
[2024-08-27T10:13:51.036] [ERROR] app - Failed to save the data
[2024-08-27T10:13:51.037] [FATAL] app - Server crashed
[2024-08-27T10:13:51.147] [ERROR] app - Failed to save the data
[2024-08-27T10:13:51.149] [FATAL] app - Server crashed
[2024-08-27T10:13:51.262] [ERROR] app - Failed to save the data
[2024-08-27T10:13:51.264] [FATAL] app - Server crashed
[2024-08-27T10:13:51.375] [ERROR] app - Failed to save the data
[2024-08-27T10:13:51.377] [FATAL] app - Server crashed
[2024-08-27T10:13:51.486] [ERROR] app - Failed to save the data
[2024-08-27T10:13:51.488] [FATAL] app - Server crashed
[2024-08-27T10:13:51.594] [ERROR] app - Failed to save the data
[2024-08-27T10:13:51.596] [FATAL] app - Server crashed
[2024-08-27T10:13:51.709] [ERROR] app - Failed to save the data
[2024-08-27T10:13:51.711] [FATAL] app - Server crashed
[2024-08-27T10:13:51.822] [ERROR] app - Failed to save the data
[2024-08-27T10:13:51.823] [FATAL] app - Server crashed
[2024-08-27T10:13:51.937] [ERROR] app - Failed to save the data
[2024-08-27T10:13:51.939] [FATAL] app - Server crashed
[2024-08-27T10:13:52.047] [ERROR] app - Failed to save the data
[2024-08-27T10:13:52.049] [FATAL] app - Server crashed
[2024-08-27T10:13:52.165] [ERROR] app - Failed to save the data
[2024-08-27T10:13:52.167] [FATAL] app - Server crashed
[2024-08-27T10:13:52.280] [ERROR] app - Failed to save the data
[2024-08-27T10:13:52.281] [FATAL] app - Server crashed
[2024-08-27T10:13:52.387] [ERROR] app - Failed to save the data
[2024-08-27T10:13:52.389] [FATAL] app - Server crashed
[2024-08-27T10:13:52.501] [ERROR] app - Failed to save the data
[2024-08-27T10:13:52.502] [FATAL] app - Server crashed
[2024-08-27T10:13:52.616] [ERROR] app - Failed to save the data
[2024-08-27T10:13:52.618] [FATAL] app - Server crashed
[2024-08-27T10:13:52.723] [ERROR] app - Failed to save the data
[2024-08-27T10:13:52.725] [FATAL] app - Server crashed
[2024-08-27T10:13:52.837] [ERROR] app - Failed to save the data
[2024-08-27T10:13:52.839] [FATAL] app - Server crashed
[2024-08-27T10:13:52.960] [ERROR] app - Failed to save the data
[2024-08-27T10:13:52.961] [FATAL] app - Server crashed
[2024-08-27T10:13:53.073] [ERROR] app - Failed to save the data
[2024-08-27T10:13:53.075] [FATAL] app - Server crashed
[2024-08-27T10:13:53.180] [ERROR] app - Failed to save the data
[2024-08-27T10:13:53.182] [FATAL] app - Server crashed
[2024-08-27T10:13:53.291] [ERROR] app - Failed to save the data
[2024-08-27T10:13:53.293] [FATAL] app - Server crashed
[2024-08-27T10:13:53.404] [ERROR] app - Failed to save the data
[2024-08-27T10:13:53.406] [FATAL] app - Server crashed
[2024-08-27T10:13:53.516] [ERROR] app - Failed to save the data
[2024-08-27T10:13:53.518] [FATAL] app - Server crashed
[2024-08-27T10:13:53.626] [ERROR] app - Failed to save the data
[2024-08-27T10:13:53.628] [FATAL] app - Server crashed
[2024-08-27T10:13:53.739] [ERROR] app - Failed to save the data
[2024-08-27T10:13:53.741] [FATAL] app - Server crashed
[2024-08-27T10:13:53.852] [ERROR] app - Failed to save the data
[2024-08-27T10:13:53.854] [FATAL] app - Server crashed
[2024-08-27T10:13:53.966] [ERROR] app - Failed to save the data
[2024-08-27T10:13:53.968] [FATAL] app - Server crashed
[2024-08-27T10:13:54.079] [ERROR] app - Failed to save the data
[2024-08-27T10:13:54.081] [FATAL] app - Server crashed
[2024-08-27T10:13:54.186] [ERROR] app - Failed to save the data
[2024-08-27T10:13:54.188] [FATAL] app - Server crashed
[2024-08-27T10:13:54.301] [ERROR] app - Failed to save the data
[2024-08-27T10:13:54.302] [FATAL] app - Server crashed
[2024-08-27T10:13:54.420] [ERROR] app - Failed to save the data
[2024-08-27T10:13:54.422] [FATAL] app - Server crashed
[2024-08-27T10:13:54.529] [ERROR] app - Failed to save the data
[2024-08-27T10:13:54.531] [FATAL] app - Server crashed
[2024-08-27T10:13:54.644] [ERROR] app - Failed to save the data
[2024-08-27T10:13:54.646] [FATAL] app - Server crashed
[2024-08-27T10:13:54.762] [ERROR] app - Failed to save the data
[2024-08-27T10:13:54.764] [FATAL] app - Server crashed
[2024-08-27T10:13:54.874] [ERROR] app - Failed to save the data
[2024-08-27T10:13:54.876] [FATAL] app - Server crashed
[2024-08-27T10:13:54.987] [ERROR] app - Failed to save the data
[2024-08-27T10:13:54.988] [FATAL] app - Server crashed
[2024-08-27T10:13:55.102] [ERROR] app - Failed to save the data
[2024-08-27T10:13:55.104] [FATAL] app - Server crashed
[2024-08-27T10:13:55.217] [ERROR] app - Failed to save the data
[2024-08-27T10:13:55.219] [FATAL] app - Server crashed
[2024-08-27T10:13:55.332] [ERROR] app - Failed to save the data
[2024-08-27T10:13:55.334] [FATAL] app - Server crashed
[2024-08-27T10:13:55.451] [ERROR] app - Failed to save the data
[2024-08-27T10:13:55.454] [FATAL] app - Server crashed
[2024-08-27T10:13:55.565] [ERROR] app - Failed to save the data
[2024-08-27T10:13:55.567] [FATAL] app - Server crashed
[2024-08-27T10:13:55.678] [ERROR] app - Failed to save the data
[2024-08-27T10:13:55.680] [FATAL] app - Server crashed
[2024-08-27T10:13:55.786] [ERROR] app - Failed to save the data
[2024-08-27T10:13:55.788] [FATAL] app - Server crashed
[2024-08-27T10:13:55.899] [ERROR] app - Failed to save the data
[2024-08-27T10:13:55.901] [FATAL] app - Server crashed
[2024-08-27T10:13:56.016] [ERROR] app - Failed to save the data
[2024-08-27T10:13:56.018] [FATAL] app - Server crashed
[2024-08-27T10:13:56.147] [ERROR] app - Failed to save the data
[2024-08-27T10:13:56.149] [FATAL] app - Server crashed
[2024-08-27T10:13:56.255] [ERROR] app - Failed to save the data
[2024-08-27T10:13:56.257] [FATAL] app - Server crashed
[2024-08-27T10:13:56.367] [ERROR] app - Failed to save the data
[2024-08-27T10:13:56.368] [FATAL] app - Server crashed
[2024-08-27T10:13:56.482] [ERROR] app - Failed to save the data
[2024-08-27T10:13:56.484] [FATAL] app - Server crashed
[2024-08-27T10:13:56.591] [ERROR] app - Failed to save the data
[2024-08-27T10:13:56.593] [FATAL] app - Server crashed
[2024-08-27T10:13:56.698] [ERROR] app - Failed to save the data
[2024-08-27T10:13:56.700] [FATAL] app - Server crashed
[2024-08-27T10:13:56.805] [ERROR] app - Failed to save the data
[2024-08-27T10:13:56.807] [FATAL] app - Server crashed
[2024-08-27T10:13:56.913] [ERROR] app - Failed to save the data
[2024-08-27T10:13:56.915] [FATAL] app - Server crashed
[2024-08-27T10:13:57.025] [ERROR] app - Failed to save the data
[2024-08-27T10:13:57.027] [FATAL] app - Server crashed
[2024-08-27T10:13:57.135] [ERROR] app - Failed to save the data
[2024-08-27T10:13:57.137] [FATAL] app - Server crashed
[2024-08-27T10:13:57.243] [ERROR] app - Failed to save the data
[2024-08-27T10:13:57.245] [FATAL] app - Server crashed
[2024-08-27T10:13:57.354] [ERROR] app - Failed to save the data
[2024-08-27T10:13:57.356] [FATAL] app - Server crashed
[2024-08-27T10:13:57.468] [ERROR] app - Failed to save the data
[2024-08-27T10:13:57.470] [FATAL] app - Server crashed
[2024-08-27T10:13:57.592] [ERROR] app - Failed to save the data
[2024-08-27T10:13:57.594] [FATAL] app - Server crashed
[2024-08-27T10:13:57.706] [ERROR] app - Failed to save the data
[2024-08-27T10:13:57.708] [FATAL] app - Server crashed
[2024-08-27T10:13:57.830] [ERROR] app - Failed to save the data
[2024-08-27T10:13:57.831] [FATAL] app - Server crashed
[2024-08-27T10:13:57.944] [ERROR] app - Failed to save the data
[2024-08-27T10:13:57.946] [FATAL] app - Server crashed
[2024-08-27T10:13:58.055] [ERROR] app - Failed to save the data
[2024-08-27T10:13:58.057] [FATAL] app - Server crashed
[2024-08-27T10:13:58.165] [ERROR] app - Failed to save the data
[2024-08-27T10:13:58.168] [FATAL] app - Server crashed
[2024-08-27T10:13:58.278] [ERROR] app - Failed to save the data
[2024-08-27T10:13:58.280] [FATAL] app - Server crashed
[2024-08-27T10:13:58.393] [ERROR] app - Failed to save the data
[2024-08-27T10:13:58.395] [FATAL] app - Server crashed
[2024-08-27T10:13:58.505] [ERROR] app - Failed to save the data
[2024-08-27T10:13:58.506] [FATAL] app - Server crashed
[2024-08-27T10:13:58.614] [ERROR] app - Failed to save the data
[2024-08-27T10:13:58.616] [FATAL] app - Server crashed
[2024-08-27T10:13:58.724] [ERROR] app - Failed to save the data
[2024-08-27T10:13:58.726] [FATAL] app - Server crashed
[2024-08-27T10:13:58.838] [ERROR] app - Failed to save the data
[2024-08-27T10:13:58.839] [FATAL] app - Server crashed
[2024-08-27T10:13:58.953] [ERROR] app - Failed to save the data
[2024-08-27T10:13:58.955] [FATAL] app - Server crashed
[2024-08-27T10:13:59.066] [ERROR] app - Failed to save the data
[2024-08-27T10:13:59.068] [FATAL] app - Server crashed
[2024-08-27T10:13:59.181] [ERROR] app - Failed to save the data
[2024-08-27T10:13:59.183] [FATAL] app - Server crashed
[2024-08-27T10:13:59.296] [ERROR] app - Failed to save the data
[2024-08-27T10:13:59.298] [FATAL] app - Server crashed
[2024-08-27T10:13:59.408] [ERROR] app - Failed to save the data
[2024-08-27T10:13:59.410] [FATAL] app - Server crashed
[2024-08-27T10:13:59.519] [ERROR] app - Failed to save the data
[2024-08-27T10:13:59.521] [FATAL] app - Server crashed
[2024-08-27T10:13:59.627] [ERROR] app - Failed to save the data
[2024-08-27T10:13:59.629] [FATAL] app - Server crashed
[2024-08-27T10:13:59.737] [ERROR] app - Failed to save the data
[2024-08-27T10:13:59.739] [FATAL] app - Server crashed
[2024-08-27T10:13:59.845] [ERROR] app - Failed to save the data
[2024-08-27T10:13:59.846] [FATAL] app - Server crashed
[2024-08-27T10:13:59.953] [ERROR] app - Failed to save the data
[2024-08-27T10:13:59.955] [FATAL] app - Server crashed
[2024-08-27T10:14:00.073] [ERROR] app - Failed to save the data
[2024-08-27T10:14:00.075] [FATAL] app - Server crashed
[2024-08-27T10:14:00.193] [ERROR] app - Failed to save the data
[2024-08-27T10:14:00.195] [FATAL] app - Server crashed
[2024-08-27T10:14:00.306] [ERROR] app - Failed to save the data
[2024-08-27T10:14:00.309] [FATAL] app - Server crashed
[2024-08-27T10:14:00.423] [ERROR] app - Failed to save the data
[2024-08-27T10:14:00.425] [FATAL] app - Server crashed
[2024-08-27T10:14:00.536] [ERROR] app - Failed to save the data
[2024-08-27T10:14:00.538] [FATAL] app - Server crashed
[2024-08-27T10:14:00.648] [ERROR] app - Failed to save the data
[2024-08-27T10:14:00.650] [FATAL] app - Server crashed
[2024-08-27T10:14:00.760] [ERROR] app - Failed to save the data
[2024-08-27T10:14:00.762] [FATAL] app - Server crashed
[2024-08-27T10:14:00.874] [ERROR] app - Failed to save the data
[2024-08-27T10:14:00.876] [FATAL] app - Server crashed
[2024-08-27T10:14:00.985] [ERROR] app - Failed to save the data
[2024-08-27T10:14:00.988] [FATAL] app - Server crashed
[2024-08-27T10:14:01.096] [ERROR] app - Failed to save the data
[2024-08-27T10:14:01.098] [FATAL] app - Server crashed
[2024-08-27T10:14:01.209] [ERROR] app - Failed to save the data
[2024-08-27T10:14:01.211] [FATAL] app - Server crashed
[2024-08-27T10:14:01.323] [ERROR] app - Failed to save the data
[2024-08-27T10:14:01.325] [FATAL] app - Server crashed
[2024-08-27T10:14:01.434] [ERROR] app - Failed to save the data
[2024-08-27T10:14:01.436] [FATAL] app - Server crashed
[2024-08-27T10:14:01.543] [ERROR] app - Failed to save the data
[2024-08-27T10:14:01.545] [FATAL] app - Server crashed
[2024-08-27T10:14:01.656] [ERROR] app - Failed to save the data
[2024-08-27T10:14:01.658] [FATAL] app - Server crashed
[2024-08-27T10:14:01.770] [ERROR] app - Failed to save the data
[2024-08-27T10:14:01.772] [FATAL] app - Server crashed
[2024-08-27T10:14:01.878] [ERROR] app - Failed to save the data
[2024-08-27T10:14:01.880] [FATAL] app - Server crashed
[2024-08-27T10:14:01.993] [ERROR] app - Failed to save the data
[2024-08-27T10:14:01.995] [FATAL] app - Server crashed
[2024-08-27T10:14:02.101] [ERROR] app - Failed to save the data
[2024-08-27T10:14:02.103] [FATAL] app - Server crashed
[2024-08-27T10:14:02.211] [ERROR] app - Failed to save the data
[2024-08-27T10:14:02.213] [FATAL] app - Server crashed
[2024-08-27T10:14:02.325] [ERROR] app - Failed to save the data
[2024-08-27T10:14:02.326] [FATAL] app - Server crashed
[2024-08-27T10:14:02.436] [ERROR] app - Failed to save the data
[2024-08-27T10:14:02.438] [FATAL] app - Server crashed
[2024-08-27T10:14:02.548] [ERROR] app - Failed to save the data
[2024-08-27T10:14:02.550] [FATAL] app - Server crashed
[2024-08-27T10:14:02.663] [ERROR] app - Failed to save the data
[2024-08-27T10:14:02.665] [FATAL] app - Server crashed
[2024-08-27T10:14:02.773] [ERROR] app - Failed to save the data
[2024-08-27T10:14:02.775] [FATAL] app - Server crashed
[2024-08-27T10:14:02.884] [ERROR] app - Failed to save the data
[2024-08-27T10:14:02.885] [FATAL] app - Server crashed
[2024-08-27T10:14:02.995] [ERROR] app - Failed to save the data
[2024-08-27T10:14:02.996] [FATAL] app - Server crashed
[2024-08-27T10:14:03.111] [ERROR] app - Failed to save the data
[2024-08-27T10:14:03.112] [FATAL] app - Server crashed
[2024-08-27T10:14:03.219] [ERROR] app - Failed to save the data
[2024-08-27T10:14:03.221] [FATAL] app - Server crashed
[2024-08-27T10:14:03.332] [ERROR] app - Failed to save the data
[2024-08-27T10:14:03.334] [FATAL] app - Server crashed
[2024-08-27T10:14:03.444] [ERROR] app - Failed to save the data
[2024-08-27T10:14:03.446] [FATAL] app - Server crashed
[2024-08-27T10:14:03.556] [ERROR] app - Failed to save the data
[2024-08-27T10:14:03.558] [FATAL] app - Server crashed
[2024-08-27T10:14:03.667] [ERROR] app - Failed to save the data
[2024-08-27T10:14:03.669] [FATAL] app - Server crashed
[2024-08-27T10:14:03.782] [ERROR] app - Failed to save the data
[2024-08-27T10:14:03.783] [FATAL] app - Server crashed
[2024-08-27T10:14:03.895] [ERROR] app - Failed to save the data
[2024-08-27T10:14:03.897] [FATAL] app - Server crashed
[2024-08-27T10:14:04.005] [ERROR] app - Failed to save the data
[2024-08-27T10:14:04.007] [FATAL] app - Server crashed
[2024-08-27T10:14:04.115] [ERROR] app - Failed to save the data
[2024-08-27T10:14:04.117] [FATAL] app - Server crashed
[2024-08-27T10:14:04.223] [ERROR] app - Failed to save the data
[2024-08-27T10:14:04.226] [FATAL] app - Server crashed
[2024-08-27T10:14:04.333] [ERROR] app - Failed to save the data
[2024-08-27T10:14:04.335] [FATAL] app - Server crashed
[2024-08-27T10:14:04.441] [ERROR] app - Failed to save the data
[2024-08-27T10:14:04.443] [FATAL] app - Server crashed
[2024-08-27T10:14:04.550] [ERROR] app - Failed to save the data
[2024-08-27T10:14:04.552] [FATAL] app - Server crashed
[2024-08-27T10:14:04.661] [ERROR] app - Failed to save the data
[2024-08-27T10:14:04.663] [FATAL] app - Server crashed
[2024-08-27T10:14:04.818] [ERROR] app - Failed to save the data
[2024-08-27T10:14:04.820] [FATAL] app - Server crashed
[2024-08-27T10:14:04.940] [ERROR] app - Failed to save the data
[2024-08-27T10:14:04.943] [FATAL] app - Server crashed
[2024-08-27T10:14:05.054] [ERROR] app - Failed to save the data
[2024-08-27T10:14:05.056] [FATAL] app - Server crashed
[2024-08-27T10:14:05.163] [ERROR] app - Failed to save the data
[2024-08-27T10:14:05.165] [FATAL] app - Server crashed
[2024-08-27T10:14:05.272] [ERROR] app - Failed to save the data
[2024-08-27T10:14:05.274] [FATAL] app - Server crashed
[2024-08-27T10:14:05.380] [ERROR] app - Failed to save the data
[2024-08-27T10:14:05.382] [FATAL] app - Server crashed
[2024-08-27T10:14:05.491] [ERROR] app - Failed to save the data
[2024-08-27T10:14:05.493] [FATAL] app - Server crashed
[2024-08-27T10:14:05.603] [ERROR] app - Failed to save the data
[2024-08-27T10:14:05.605] [FATAL] app - Server crashed
[2024-08-27T10:14:05.718] [ERROR] app - Failed to save the data
[2024-08-27T10:14:05.720] [FATAL] app - Server crashed
[2024-08-27T10:14:05.827] [ERROR] app - Failed to save the data
[2024-08-27T10:14:05.829] [FATAL] app - Server crashed
[2024-08-27T10:14:05.936] [ERROR] app - Failed to save the data
[2024-08-27T10:14:05.938] [FATAL] app - Server crashed
[2024-08-27T10:14:06.043] [ERROR] app - Failed to save the data
[2024-08-27T10:14:06.045] [FATAL] app - Server crashed
[2024-08-27T10:14:06.154] [ERROR] app - Failed to save the data
[2024-08-27T10:14:06.157] [FATAL] app - Server crashed
[2024-08-27T10:14:06.267] [ERROR] app - Failed to save the data
[2024-08-27T10:14:06.269] [FATAL] app - Server crashed
[2024-08-27T10:14:06.376] [ERROR] app - Failed to save the data
[2024-08-27T10:14:06.377] [FATAL] app - Server crashed
[2024-08-27T10:14:06.484] [ERROR] app - Failed to save the data
[2024-08-27T10:14:06.486] [FATAL] app - Server crashed
[2024-08-27T10:14:45.431] [ERROR] app - Failed to save the data
[2024-08-27T10:14:45.433] [FATAL] app - Server crashed
[2024-08-27T10:14:45.543] [ERROR] app - Failed to save the data
[2024-08-27T10:14:45.545] [FATAL] app - Server crashed
[2024-08-27T10:14:45.655] [ERROR] app - Failed to save the data
[2024-08-27T10:14:45.657] [FATAL] app - Server crashed
[2024-08-27T10:14:45.767] [ERROR] app - Failed to save the data
[2024-08-27T10:14:45.769] [FATAL] app - Server crashed
[2024-08-27T10:14:45.879] [ERROR] app - Failed to save the data
[2024-08-27T10:14:45.880] [FATAL] app - Server crashed
[2024-08-27T10:14:45.990] [ERROR] app - Failed to save the data
[2024-08-27T10:14:45.992] [FATAL] app - Server crashed
[2024-08-27T10:14:46.101] [ERROR] app - Failed to save the data
[2024-08-27T10:14:46.103] [FATAL] app - Server crashed
[2024-08-27T10:14:46.213] [ERROR] app - Failed to save the data
[2024-08-27T10:14:46.214] [FATAL] app - Server crashed
[2024-08-27T10:14:46.325] [ERROR] app - Failed to save the data
[2024-08-27T10:14:46.326] [FATAL] app - Server crashed
[2024-08-27T10:14:46.437] [ERROR] app - Failed to save the data
[2024-08-27T10:14:46.439] [FATAL] app - Server crashed
[2024-08-27T10:14:46.545] [ERROR] app - Failed to save the data
[2024-08-27T10:14:46.547] [FATAL] app - Server crashed
[2024-08-27T10:14:46.653] [ERROR] app - Failed to save the data
[2024-08-27T10:14:46.655] [FATAL] app - Server crashed
[2024-08-27T10:14:46.764] [ERROR] app - Failed to save the data
[2024-08-27T10:14:46.766] [FATAL] app - Server crashed
[2024-08-27T10:14:46.879] [ERROR] app - Failed to save the data
[2024-08-27T10:14:46.881] [FATAL] app - Server crashed
[2024-08-27T10:14:46.992] [ERROR] app - Failed to save the data
[2024-08-27T10:14:46.994] [FATAL] app - Server crashed
[2024-08-27T10:14:47.102] [ERROR] app - Failed to save the data
[2024-08-27T10:14:47.104] [FATAL] app - Server crashed
[2024-08-27T10:14:47.216] [ERROR] app - Failed to save the data
[2024-08-27T10:14:47.217] [FATAL] app - Server crashed
[2024-08-27T10:14:47.341] [ERROR] app - Failed to save the data
[2024-08-27T10:14:47.343] [FATAL] app - Server crashed
[2024-08-27T10:14:47.465] [ERROR] app - Failed to save the data
[2024-08-27T10:14:47.467] [FATAL] app - Server crashed
[2024-08-27T10:14:47.587] [ERROR] app - Failed to save the data
[2024-08-27T10:14:47.589] [FATAL] app - Server crashed
[2024-08-27T10:14:47.704] [ERROR] app - Failed to save the data
[2024-08-27T10:14:47.706] [FATAL] app - Server crashed
[2024-08-27T10:14:47.820] [ERROR] app - Failed to save the data
[2024-08-27T10:14:47.822] [FATAL] app - Server crashed
[2024-08-27T10:14:47.936] [ERROR] app - Failed to save the data
[2024-08-27T10:14:47.938] [FATAL] app - Server crashed
[2024-08-27T10:14:48.050] [ERROR] app - Failed to save the data
[2024-08-27T10:14:48.052] [FATAL] app - Server crashed
[2024-08-27T10:14:48.161] [ERROR] app - Failed to save the data
[2024-08-27T10:14:48.163] [FATAL] app - Server crashed
[2024-08-27T10:14:48.275] [ERROR] app - Failed to save the data
[2024-08-27T10:14:48.276] [FATAL] app - Server crashed
[2024-08-27T10:14:48.386] [ERROR] app - Failed to save the data
[2024-08-27T10:14:48.388] [FATAL] app - Server crashed
[2024-08-27T10:14:48.503] [ERROR] app - Failed to save the data
[2024-08-27T10:14:48.505] [FATAL] app - Server crashed
[2024-08-27T10:14:48.620] [ERROR] app - Failed to save the data
[2024-08-27T10:14:48.622] [FATAL] app - Server crashed
[2024-08-27T10:14:48.732] [ERROR] app - Failed to save the data
[2024-08-27T10:14:48.734] [FATAL] app - Server crashed
[2024-08-27T10:14:48.845] [ERROR] app - Failed to save the data
[2024-08-27T10:14:48.847] [FATAL] app - Server crashed
[2024-08-27T10:14:48.963] [ERROR] app - Failed to save the data
[2024-08-27T10:14:48.964] [FATAL] app - Server crashed
[2024-08-27T10:14:49.078] [ERROR] app - Failed to save the data
[2024-08-27T10:14:49.080] [FATAL] app - Server crashed
[2024-08-27T10:14:49.194] [ERROR] app - Failed to save the data
[2024-08-27T10:14:49.196] [FATAL] app - Server crashed
[2024-08-27T10:14:49.310] [ERROR] app - Failed to save the data
[2024-08-27T10:14:49.311] [FATAL] app - Server crashed
[2024-08-27T10:14:49.422] [ERROR] app - Failed to save the data
[2024-08-27T10:14:49.424] [FATAL] app - Server crashed
[2024-08-27T10:14:49.530] [ERROR] app - Failed to save the data
[2024-08-27T10:14:49.532] [FATAL] app - Server crashed
[2024-08-27T10:14:49.640] [ERROR] app - Failed to save the data
[2024-08-27T10:14:49.642] [FATAL] app - Server crashed
[2024-08-27T10:14:49.753] [ERROR] app - Failed to save the data
[2024-08-27T10:14:49.755] [FATAL] app - Server crashed
[2024-08-27T10:15:36.619] [INFO] app - User has been logged in
[2024-08-27T10:15:36.621] [WARN] app - Config file not found
[2024-08-27T10:15:36.621] [ERROR] app - Failed to save the data
[2024-08-27T10:15:36.621] [FATAL] app - Server crashed
[2024-08-27T10:15:36.729] [INFO] app - User has been logged in
[2024-08-27T10:15:36.731] [WARN] app - Config file not found
[2024-08-27T10:15:36.731] [ERROR] app - Failed to save the data
[2024-08-27T10:15:36.731] [FATAL] app - Server crashed
[2024-08-27T10:15:36.843] [INFO] app - User has been logged in
[2024-08-27T10:15:36.845] [WARN] app - Config file not found
[2024-08-27T10:15:36.845] [ERROR] app - Failed to save the data
[2024-08-27T10:15:36.845] [FATAL] app - Server crashed
[2024-08-27T10:15:36.958] [INFO] app - User has been logged in
[2024-08-27T10:15:36.960] [WARN] app - Config file not found
[2024-08-27T10:15:36.960] [ERROR] app - Failed to save the data
[2024-08-27T10:15:36.960] [FATAL] app - Server crashed
[2024-08-27T10:15:37.066] [INFO] app - User has been logged in
[2024-08-27T10:15:37.068] [WARN] app - Config file not found
[2024-08-27T10:15:37.069] [ERROR] app - Failed to save the data
[2024-08-27T10:15:37.069] [FATAL] app - Server crashed
[2024-08-27T10:15:37.178] [INFO] app - User has been logged in
[2024-08-27T10:15:37.180] [WARN] app - Config file not found
[2024-08-27T10:15:37.180] [ERROR] app - Failed to save the data
[2024-08-27T10:15:37.180] [FATAL] app - Server crashed
[2024-08-27T10:15:37.287] [INFO] app - User has been logged in
[2024-08-27T10:15:37.289] [WARN] app - Config file not found
[2024-08-27T10:15:37.289] [ERROR] app - Failed to save the data
[2024-08-27T10:15:37.289] [FATAL] app - Server crashed
[2024-08-27T10:15:37.397] [INFO] app - User has been logged in
[2024-08-27T10:15:37.399] [WARN] app - Config file not found
[2024-08-27T10:15:37.399] [ERROR] app - Failed to save the data
[2024-08-27T10:15:37.400] [FATAL] app - Server crashed
[2024-08-27T10:15:37.507] [INFO] app - User has been logged in
[2024-08-27T10:15:37.510] [WARN] app - Config file not found
[2024-08-27T10:15:37.510] [ERROR] app - Failed to save the data
[2024-08-27T10:15:37.510] [FATAL] app - Server crashed
[2024-08-27T10:15:37.616] [INFO] app - User has been logged in
[2024-08-27T10:15:37.618] [WARN] app - Config file not found
[2024-08-27T10:15:37.618] [ERROR] app - Failed to save the data
[2024-08-27T10:15:37.618] [FATAL] app - Server crashed
[2024-08-27T10:15:37.723] [INFO] app - User has been logged in
[2024-08-27T10:15:37.725] [WARN] app - Config file not found
[2024-08-27T10:15:37.725] [ERROR] app - Failed to save the data
[2024-08-27T10:15:37.725] [FATAL] app - Server crashed
[2024-08-27T10:15:37.832] [INFO] app - User has been logged in
[2024-08-27T10:15:37.834] [WARN] app - Config file not found
[2024-08-27T10:15:37.834] [ERROR] app - Failed to save the data
[2024-08-27T10:15:37.834] [FATAL] app - Server crashed
[2024-08-27T10:15:37.939] [INFO] app - User has been logged in
[2024-08-27T10:15:37.941] [WARN] app - Config file not found
[2024-08-27T10:15:37.941] [ERROR] app - Failed to save the data
[2024-08-27T10:15:37.941] [FATAL] app - Server crashed
[2024-08-27T10:15:38.047] [INFO] app - User has been logged in
[2024-08-27T10:15:38.049] [WARN] app - Config file not found
[2024-08-27T10:15:38.049] [ERROR] app - Failed to save the data
[2024-08-27T10:15:38.049] [FATAL] app - Server crashed
[2024-08-27T10:15:38.154] [INFO] app - User has been logged in
[2024-08-27T10:15:38.156] [WARN] app - Config file not found
[2024-08-27T10:15:38.156] [ERROR] app - Failed to save the data
[2024-08-27T10:15:38.156] [FATAL] app - Server crashed
[2024-08-27T10:15:38.263] [INFO] app - User has been logged in
[2024-08-27T10:15:38.265] [WARN] app - Config file not found
[2024-08-27T10:15:38.265] [ERROR] app - Failed to save the data
[2024-08-27T10:15:38.265] [FATAL] app - Server crashed
[2024-08-27T10:15:38.371] [INFO] app - User has been logged in
[2024-08-27T10:15:38.373] [WARN] app - Config file not found
[2024-08-27T10:15:38.373] [ERROR] app - Failed to save the data
[2024-08-27T10:15:38.373] [FATAL] app - Server crashed
[2024-08-27T10:15:38.478] [INFO] app - User has been logged in
[2024-08-27T10:15:38.480] [WARN] app - Config file not found
[2024-08-27T10:15:38.480] [ERROR] app - Failed to save the data
[2024-08-27T10:15:38.480] [FATAL] app - Server crashed
[2024-08-27T10:15:38.587] [INFO] app - User has been logged in
[2024-08-27T10:15:38.590] [WARN] app - Config file not found
[2024-08-27T10:15:38.590] [ERROR] app - Failed to save the data
[2024-08-27T10:15:38.590] [FATAL] app - Server crashed
[2024-08-27T10:15:38.695] [INFO] app - User has been logged in
[2024-08-27T10:15:38.696] [WARN] app - Config file not found
[2024-08-27T10:15:38.696] [ERROR] app - Failed to save the data
[2024-08-27T10:15:38.697] [FATAL] app - Server crashed
[2024-08-27T10:15:38.802] [INFO] app - User has been logged in
[2024-08-27T10:15:38.804] [WARN] app - Config file not found
[2024-08-27T10:15:38.804] [ERROR] app - Failed to save the data
[2024-08-27T10:15:38.804] [FATAL] app - Server crashed
[2024-08-27T10:15:38.912] [INFO] app - User has been logged in
[2024-08-27T10:15:38.914] [WARN] app - Config file not found
[2024-08-27T10:15:38.915] [ERROR] app - Failed to save the data
[2024-08-27T10:15:38.915] [FATAL] app - Server crashed
[2024-08-27T10:15:39.020] [INFO] app - User has been logged in
[2024-08-27T10:15:39.022] [WARN] app - Config file not found
[2024-08-27T10:15:39.022] [ERROR] app - Failed to save the data
[2024-08-27T10:15:39.022] [FATAL] app - Server crashed
[2024-08-27T10:15:39.130] [INFO] app - User has been logged in
[2024-08-27T10:15:39.132] [WARN] app - Config file not found
[2024-08-27T10:15:39.132] [ERROR] app - Failed to save the data
[2024-08-27T10:15:39.132] [FATAL] app - Server crashed
